<?xml version="1.0" encoding="UTF-8"?>
<testsuites name="Mocha Tests" time="0.032" tests="12" failures="0" skipped="1">
  <testsuite name="Root Suite" timestamp="2019-10-01T20:49:14" tests="0" failures="0" time="0">
  </testsuite>
  <testsuite name="Dashboard Helper Tests" timestamp="2019-10-01T20:49:14" tests="1" file="F:\projects\test-jam\test\dashboardhelper.spec.ts" failures="0" time="0">
  </testsuite>
  <testsuite name="Project Helper Tests" timestamp="2019-10-01T20:49:14" tests="3" file="F:\projects\test-jam\test\projecthelper.spec.ts" failures="0" time="0.003">
    <testcase name="Project Helper Tests Project with single word should be first 3 letters" time="0.002" classname="Project with single word should be first 3 letters">
    </testcase>
    <testcase name="Project Helper Tests Project id for two words should start with first two letters of two words" time="0.001" classname="Project id for two words should start with first two letters of two words">
    </testcase>
    <testcase name="Project Helper Tests Project id for three words should start with first two letters of each words" time="0" classname="Project id for three words should start with first two letters of each words">
    </testcase>
  </testsuite>
  <testsuite name="Test Helper Tests" timestamp="2019-10-01T20:49:14" tests="2" file="F:\projects\test-jam\test\testhelper.spec.ts" failures="0" time="0.024">
    <testcase name="Test Helper Tests Add and update test" time="0.024" classname="Add and update test">
    </testcase>
    <testcase name="Test Helper Tests Get statuses" time="0" classname="Get statuses">
    </testcase>
  </testsuite>
  <testsuite name="UserHelper Tests" timestamp="2019-10-01T20:49:14" tests="3" file="F:\projects\test-jam\test\userhelper.spec.ts" failures="0" time="0.005">
    <testcase name="UserHelper Tests Password with tailing space" time="0.001" classname="Password with tailing space">
    </testcase>
    <testcase name="UserHelper Tests Password with leading space" time="0" classname="Password with leading space">
    </testcase>
    <testcase name="UserHelper Tests Password with invalid secret" time="0.004" classname="Password with invalid secret">
    </testcase>
  </testsuite>
  <testsuite name="Project Helper Tests" timestamp="2019-10-01T20:49:14" tests="3" file="F:\projects\test-jam\test\util.spec.ts" failures="0" time="0">
    <testcase name="Project Helper Tests Should return greatest" time="0" classname="Should return greatest">
    </testcase>
    <testcase name="Project Helper Tests Should return 0 " time="0" classname="Should return 0 ">
    </testcase>
    <testcase name="Project Helper Tests Should return 0 " time="0" classname="Should return 0 ">
    </testcase>
  </testsuite>
</testsuites>